<?xml version="1.0" encoding="UTF-8"?>
<testsuite xmlns:xsi="http://www.w3.org/2001/XMLSchema-instance" xsi:noNamespaceSchemaLocation="https://maven.apache.org/surefire/maven-surefire-plugin/xsd/surefire-test-report-3.0.xsd" version="3.0" name="com.example.emojiinclusion.EmojiInclusionApplicationTests" time="2.971" tests="1" errors="0" skipped="0" failures="0">
  <properties>
[...]
</properties>
  <testcase name="contextLoads" classname="com.example.emojiinclusion.EmojiInclusionApplicationTests" time="0.336">
    <system-out><![CDATA[09:47:36.832 [main] INFO org.springframework.test.context.support.AnnotationConfigContextLoaderUtils -- Could not detect default configuration classes for test class [com.example.emojiinclusion.EmojiInclusionApplicationTests]: EmojiInclusionApplicationTests does not declare any static, non-private, non-final, nested classes annotated with @Configuration.
09:47:36.885 [main] INFO org.springframework.boot.test.context.SpringBootTestContextBootstrapper -- Found @SpringBootConfiguration com.example.emojiinclusion.EmojiInclusionApplication for test class com.example.emojiinclusion.EmojiInclusionApplicationTests

  .   ____          _            __ _ _
 /\\ / ___'_ __ _ _(_)_ __  __ _ \ \ \ \
( ( )\___ | '_ | '_| | '_ \/ _` | \ \ \ \
 \\/  ___)| |_)| | | | | || (_| |  ) ) ) )
  '  |____| .__|_| |_|_| |_\__, | / / / /
 =========|_|==============|___/=/_/_/_/

 :: Spring Boot ::                (v3.3.3)

2025-03-24T09:47:37.083+01:00  INFO 25625 --- [           main] c.e.e.EmojiInclusionApplicationTests     : Starting EmojiInclusionApplicationTests using Java 17.0.14 with PID 25625 (started by vvandenberg in /Users/vvandenberg/Library/CloudStorage/Box-Box/lab-demo/github/explore-inclusion)
2025-03-24T09:47:37.084+01:00  INFO 25625 --- [           main] c.e.e.EmojiInclusionApplicationTests     : No active profile set, falling back to 1 default profile: "default"
2025-03-24T09:47:37.485+01:00  INFO 25625 --- [           main] .s.d.r.c.RepositoryConfigurationDelegate : Bootstrapping Spring Data JPA repositories in DEFAULT mode.
2025-03-24T09:47:37.521+01:00  INFO 25625 --- [           main] .s.d.r.c.RepositoryConfigurationDelegate : Finished Spring Data repository scanning in 32 ms. Found 1 JPA repository interface.
2025-03-24T09:47:37.789+01:00  INFO 25625 --- [           main] com.zaxxer.hikari.HikariDataSource       : HikariPool-1 - Starting...
2025-03-24T09:47:37.898+01:00  INFO 25625 --- [           main] com.zaxxer.hikari.pool.HikariPool        : HikariPool-1 - Added connection conn0: url=jdbc:h2:mem:EMOJI user=SA
2025-03-24T09:47:37.899+01:00  INFO 25625 --- [           main] com.zaxxer.hikari.HikariDataSource       : HikariPool-1 - Start completed.
2025-03-24T09:47:37.923+01:00  INFO 25625 --- [           main] o.hibernate.jpa.internal.util.LogHelper  : HHH000204: Processing PersistenceUnitInfo [name: default]
2025-03-24T09:47:37.953+01:00  INFO 25625 --- [           main] org.hibernate.Version                    : HHH000412: Hibernate ORM core version 6.5.2.Final
2025-03-24T09:47:37.971+01:00  INFO 25625 --- [           main] o.h.c.internal.RegionFactoryInitiator    : HHH000026: Second-level cache disabled
2025-03-24T09:47:38.120+01:00  INFO 25625 --- [           main] o.s.o.j.p.SpringPersistenceUnitInfo      : No LoadTimeWeaver setup: ignoring JPA class transformer
2025-03-24T09:47:38.561+01:00  INFO 25625 --- [           main] o.h.e.t.j.p.i.JtaPlatformInitiator       : HHH000489: No JTA platform available (set 'hibernate.transaction.jta.platform' to enable JTA platform integration)
2025-03-24T09:47:38.578+01:00  INFO 25625 --- [           main] j.LocalContainerEntityManagerFactoryBean : Initialized JPA EntityManagerFactory for persistence unit 'default'
2025-03-24T09:47:38.836+01:00  WARN 25625 --- [           main] JpaBaseConfiguration$JpaWebConfiguration : spring.jpa.open-in-view is enabled by default. Therefore, database queries may be performed during view rendering. Explicitly configure spring.jpa.open-in-view to disable this warning
2025-03-24T09:47:38.855+01:00  INFO 25625 --- [           main] o.s.b.a.w.s.WelcomePageHandlerMapping    : Adding welcome page template: index
2025-03-24T09:47:39.254+01:00  INFO 25625 --- [           main] o.s.b.a.e.web.EndpointLinksResolver      : Exposing 1 endpoint beneath base path '/actuator'
2025-03-24T09:47:39.304+01:00  INFO 25625 --- [           main] c.e.e.EmojiInclusionApplicationTests     : Started EmojiInclusionApplicationTests in 2.348 seconds (process running for 2.848)
]]></system-out>
  </testcase>
</testsuite>