<?xml version="1.0" encoding="UTF-8"?>
<testsuite xmlns:xsi="http://www.w3.org/2001/XMLSchema-instance" xsi:noNamespaceSchemaLocation="https://maven.apache.org/surefire/maven-surefire-plugin/xsd/surefire-test-report-3.0.xsd" version="3.0" name="com.example.emojiinclusion.EmojiInclusionApplicationTests" time="3.836" tests="1" errors="0" skipped="0" failures="0">
  <properties>
[...]
</properties>
  <testcase name="contextLoads" classname="com.example.emojiinclusion.EmojiInclusionApplicationTests" time="0.382">
    <system-out><![CDATA[09:57:42.083 [main] INFO org.springframework.test.context.support.AnnotationConfigContextLoaderUtils -- Could not detect default configuration classes for test class [com.example.emojiinclusion.EmojiInclusionApplicationTests]: EmojiInclusionApplicationTests does not declare any static, non-private, non-final, nested classes annotated with @Configuration.
09:57:42.206 [main] INFO org.springframework.boot.test.context.SpringBootTestContextBootstrapper -- Found @SpringBootConfiguration com.example.emojiinclusion.EmojiInclusionApplication for test class com.example.emojiinclusion.EmojiInclusionApplicationTests

  .   ____          _            __ _ _
 /\\ / ___'_ __ _ _(_)_ __  __ _ \ \ \ \
( ( )\___ | '_ | '_| | '_ \/ _` | \ \ \ \
 \\/  ___)| |_)| | | | | || (_| |  ) ) ) )
  '  |____| .__|_| |_|_| |_\__, | / / / /
 =========|_|==============|___/=/_/_/_/

 :: Spring Boot ::                (v3.3.3)

2024-10-09T09:57:42.459+02:00  INFO 21003 --- [           main] c.e.e.EmojiInclusionApplicationTests     : Starting EmojiInclusionApplicationTests using Java 23 with PID 21003 (started by vvandenberg in /Users/vvandenberg/Library/CloudStorage/Box-Box/lab-demo/github/TPK-app-inclusion)
2024-10-09T09:57:42.460+02:00  INFO 21003 --- [           main] c.e.e.EmojiInclusionApplicationTests     : No active profile set, falling back to 1 default profile: "default"
2024-10-09T09:57:43.030+02:00  INFO 21003 --- [           main] .s.d.r.c.RepositoryConfigurationDelegate : Bootstrapping Spring Data JPA repositories in DEFAULT mode.
2024-10-09T09:57:43.063+02:00  INFO 21003 --- [           main] .s.d.r.c.RepositoryConfigurationDelegate : Finished Spring Data repository scanning in 29 ms. Found 1 JPA repository interface.
2024-10-09T09:57:43.465+02:00  INFO 21003 --- [           main] com.zaxxer.hikari.HikariDataSource       : HikariPool-1 - Starting...
2024-10-09T09:57:43.606+02:00  INFO 21003 --- [           main] com.zaxxer.hikari.pool.HikariPool        : HikariPool-1 - Added connection conn0: url=jdbc:h2:mem:EMOJI user=SA
2024-10-09T09:57:43.606+02:00  INFO 21003 --- [           main] com.zaxxer.hikari.HikariDataSource       : HikariPool-1 - Start completed.
2024-10-09T09:57:43.644+02:00  INFO 21003 --- [           main] o.hibernate.jpa.internal.util.LogHelper  : HHH000204: Processing PersistenceUnitInfo [name: default]
2024-10-09T09:57:43.678+02:00  INFO 21003 --- [           main] org.hibernate.Version                    : HHH000412: Hibernate ORM core version 6.5.2.Final
2024-10-09T09:57:43.698+02:00  INFO 21003 --- [           main] o.h.c.internal.RegionFactoryInitiator    : HHH000026: Second-level cache disabled
2024-10-09T09:57:43.883+02:00  INFO 21003 --- [           main] o.s.o.j.p.SpringPersistenceUnitInfo      : No LoadTimeWeaver setup: ignoring JPA class transformer
2024-10-09T09:57:44.394+02:00  INFO 21003 --- [           main] o.h.e.t.j.p.i.JtaPlatformInitiator       : HHH000489: No JTA platform available (set 'hibernate.transaction.jta.platform' to enable JTA platform integration)
2024-10-09T09:57:44.414+02:00  INFO 21003 --- [           main] j.LocalContainerEntityManagerFactoryBean : Initialized JPA EntityManagerFactory for persistence unit 'default'
2024-10-09T09:57:44.737+02:00  WARN 21003 --- [           main] JpaBaseConfiguration$JpaWebConfiguration : spring.jpa.open-in-view is enabled by default. Therefore, database queries may be performed during view rendering. Explicitly configure spring.jpa.open-in-view to disable this warning
2024-10-09T09:57:44.763+02:00  INFO 21003 --- [           main] o.s.b.a.w.s.WelcomePageHandlerMapping    : Adding welcome page template: index
2024-10-09T09:57:45.235+02:00  INFO 21003 --- [           main] o.s.b.a.e.web.EndpointLinksResolver      : Exposing 1 endpoint beneath base path '/actuator'
2024-10-09T09:57:45.287+02:00  INFO 21003 --- [           main] c.e.e.EmojiInclusionApplicationTests     : Started EmojiInclusionApplicationTests in 2.988 seconds (process running for 3.697)
]]></system-out>
    <system-err><![CDATA[WARNING: A Java agent has been loaded dynamically (/Users/vvandenberg/.m2/repository/net/bytebuddy/byte-buddy-agent/1.14.19/byte-buddy-agent-1.14.19.jar)
WARNING: If a serviceability tool is in use, please run with -XX:+EnableDynamicAgentLoading to hide this warning
WARNING: If a serviceability tool is not in use, please run with -Djdk.instrument.traceUsage for more information
WARNING: Dynamic loading of agents will be disallowed by default in a future release
]]></system-err>
  </testcase>
</testsuite>